2022-04-27 18:34:36,827 - pyswarms.single.global_best - INFO - Optimize for 1000 iters with {'c1': 0.5, 'c2': 0.3, 'w': 0.9}
2022-04-27 18:34:37,498 - pyswarms.single.global_best - INFO - Optimization finished | best cost: 8.34770815926469e-45, best pos: [3.30595009e-23 8.51749820e-23]
2022-04-27 18:34:39,714 - matplotlib.animation - WARNING - MovieWriter ffmpeg unavailable; using Pillow instead.
2022-04-27 18:34:39,715 - matplotlib.animation - INFO - Animation.save using <class 'matplotlib.animation.PillowWriter'>
2022-04-27 18:39:38,958 - pyswarms.single.global_best - INFO - Optimize for 1000 iters with {'c1': 0.5, 'c2': 0.3, 'w': 0.9}
2022-04-27 18:39:39,641 - pyswarms.single.global_best - INFO - Optimization finished | best cost: -66.84371732946401, best pos: [ 8.45693429 15.65091807]
2022-04-27 18:39:40,000 - matplotlib.animation - WARNING - MovieWriter ffmpeg unavailable; using Pillow instead.
2022-04-27 18:39:40,001 - matplotlib.animation - INFO - Animation.save using <class 'matplotlib.animation.PillowWriter'>
2022-04-27 18:48:45,092 - pyswarms.single.global_best - INFO - Optimize for 1000 iters with {'c1': 0.5, 'c2': 0.3, 'w': 0.9}
2022-04-27 18:48:45,804 - pyswarms.single.global_best - INFO - Optimization finished | best cost: -66.84371732946403, best pos: [ 8.45693446 15.65091822]
2022-04-27 18:49:56,517 - pyswarms.single.global_best - INFO - Optimize for 1000 iters with {'c1': 0.5, 'c2': 0.3, 'w': 0.9}
2022-04-27 18:49:57,162 - pyswarms.single.global_best - INFO - Optimization finished | best cost: -66.84371732946401, best pos: [ 8.45693441 15.65091809]
2022-04-27 18:49:57,216 - pyswarms.utils.plotters.plotters - ERROR - Please check your input type
Traceback (most recent call last):
  File "/usr/local/lib/python3.8/dist-packages/pyswarms/utils/plotters/plotters.py", line 221, in plot_contour
    (xx, yy, zz) = _mesh(mesher, n_processes=n_processes)
  File "/usr/local/lib/python3.8/dist-packages/pyswarms/utils/plotters/plotters.py", line 420, in _mesh
    z = mesher.func(xypairs)
TypeError: 'numpy.ndarray' object is not callable
2022-04-27 18:50:21,495 - pyswarms.single.global_best - INFO - Optimize for 1000 iters with {'c1': 0.5, 'c2': 0.3, 'w': 0.9}
2022-04-27 18:50:22,161 - pyswarms.single.global_best - INFO - Optimization finished | best cost: -66.84371732946401, best pos: [ 8.45693425 15.65091814]
2022-04-27 18:50:46,026 - pyswarms.single.global_best - INFO - Optimize for 1000 iters with {'c1': 0.5, 'c2': 0.3, 'w': 0.9}
2022-04-27 18:51:11,104 - pyswarms.single.global_best - INFO - Optimize for 1000 iters with {'c1': 0.5, 'c2': 0.3, 'w': 0.9}
2022-04-27 18:51:22,048 - pyswarms.single.global_best - INFO - Optimize for 1000 iters with {'c1': 0.5, 'c2': 0.3, 'w': 0.9}
2022-04-27 18:54:36,939 - pyswarms.single.global_best - INFO - Optimize for 5 iters with {'c1': 0.5, 'c2': 0.3, 'w': 0.9}
2022-04-27 18:54:36,946 - pyswarms.single.global_best - INFO - Optimization finished | best cost: -42.994655403411066, best pos: [3.18972527 3.69261257]
2022-04-27 18:54:37,341 - matplotlib.animation - WARNING - MovieWriter ffmpeg unavailable; using Pillow instead.
2022-04-27 18:54:37,342 - matplotlib.animation - INFO - Animation.save using <class 'matplotlib.animation.PillowWriter'>
2022-04-27 18:55:34,356 - pyswarms.single.global_best - INFO - Optimize for 5 iters with {'c1': 0.5, 'c2': 0.3, 'w': 0.9}
2022-04-27 18:55:34,364 - pyswarms.single.global_best - INFO - Optimization finished | best cost: -41.171502908731874, best pos: [2.24092415 3.55969835]
2022-04-27 18:55:34,780 - matplotlib.animation - WARNING - MovieWriter ffmpeg unavailable; using Pillow instead.
2022-04-27 18:55:34,781 - matplotlib.animation - INFO - Animation.save using <class 'matplotlib.animation.PillowWriter'>
2022-04-27 18:56:20,357 - pyswarms.single.global_best - INFO - Optimize for 5 iters with {'c1': 0.5, 'c2': 0.3, 'w': 0.9}
2022-04-27 18:56:20,364 - pyswarms.single.global_best - INFO - Optimization finished | best cost: -43.83109624326654, best pos: [3.19412054 3.9669385 ]
2022-04-27 18:56:20,763 - matplotlib.animation - WARNING - MovieWriter ffmpeg unavailable; using Pillow instead.
2022-04-27 18:56:20,764 - matplotlib.animation - INFO - Animation.save using <class 'matplotlib.animation.PillowWriter'>
2022-04-27 18:56:21,764 - matplotlib.animation - WARNING - MovieWriter ffmpeg unavailable; using Pillow instead.
2022-04-27 18:56:21,764 - matplotlib.animation - INFO - Animation.save using <class 'matplotlib.animation.PillowWriter'>
2022-04-27 18:56:51,174 - pyswarms.single.global_best - INFO - Optimize for 5 iters with {'c1': 0.5, 'c2': 0.3, 'w': 0.9}
2022-04-27 18:56:51,180 - pyswarms.single.global_best - INFO - Optimization finished | best cost: -39.730633232246554, best pos: [2.03365184 3.20292477]
2022-04-27 18:56:51,668 - matplotlib.animation - WARNING - MovieWriter ffmpeg unavailable; using Pillow instead.
2022-04-27 18:56:51,668 - matplotlib.animation - INFO - Animation.save using <class 'matplotlib.animation.PillowWriter'>
2022-04-27 18:56:52,674 - matplotlib.animation - WARNING - MovieWriter ffmpeg unavailable; using Pillow instead.
2022-04-27 18:56:52,675 - matplotlib.animation - INFO - Animation.save using <class 'matplotlib.animation.PillowWriter'>
2022-04-27 18:57:07,225 - pyswarms.single.global_best - INFO - Optimize for 5 iters with {'c1': 0.5, 'c2': 0.3, 'w': 0.9}
2022-04-27 18:57:07,232 - pyswarms.single.global_best - INFO - Optimization finished | best cost: -39.39642997096671, best pos: [2.99369917 2.63027393]
2022-04-27 18:57:07,615 - matplotlib.animation - WARNING - MovieWriter ffmpeg unavailable; using Pillow instead.
2022-04-27 18:57:07,615 - matplotlib.animation - INFO - Animation.save using <class 'matplotlib.animation.PillowWriter'>
2022-04-27 18:57:08,466 - matplotlib.animation - WARNING - MovieWriter ffmpeg unavailable; using Pillow instead.
2022-04-27 18:57:08,466 - matplotlib.animation - INFO - Animation.save using <class 'matplotlib.animation.PillowWriter'>
2022-04-27 18:57:29,428 - pyswarms.single.global_best - INFO - Optimize for 5 iters with {'c1': 0.5, 'c2': 0.3, 'w': 0.9}
2022-04-27 18:57:29,435 - pyswarms.single.global_best - INFO - Optimization finished | best cost: -39.11903579494674, best pos: [3.4576672  2.34001324]
2022-04-27 18:57:29,820 - matplotlib.animation - WARNING - MovieWriter ffmpeg unavailable; using Pillow instead.
2022-04-27 18:57:29,820 - matplotlib.animation - INFO - Animation.save using <class 'matplotlib.animation.PillowWriter'>
2022-04-27 18:58:55,974 - pyswarms.single.global_best - INFO - Optimize for 5 iters with {'c1': 0.5, 'c2': 0.3, 'w': 0.9}
2022-04-27 18:58:55,980 - pyswarms.single.global_best - INFO - Optimization finished | best cost: -42.569783102660814, best pos: [3.42936663 3.44560199]
2022-04-27 18:58:56,346 - matplotlib.animation - WARNING - MovieWriter ffmpeg unavailable; using Pillow instead.
2022-04-27 18:58:56,346 - matplotlib.animation - INFO - Animation.save using <class 'matplotlib.animation.PillowWriter'>
2022-04-27 18:59:32,206 - pyswarms.single.global_best - INFO - Optimize for 5 iters with {'c1': 0.5, 'c2': 0.3, 'w': 0.9}
2022-04-27 18:59:32,214 - pyswarms.single.global_best - INFO - Optimization finished | best cost: -43.09543148628787, best pos: [3.05520465 3.78840164]
2022-04-27 18:59:32,612 - matplotlib.animation - WARNING - MovieWriter ffmpeg unavailable; using Pillow instead.
2022-04-27 18:59:32,612 - matplotlib.animation - INFO - Animation.save using <class 'matplotlib.animation.PillowWriter'>
2022-04-27 18:59:48,727 - pyswarms.single.global_best - INFO - Optimize for 5 iters with {'c1': 0.5, 'c2': 0.3, 'w': 0.9}
2022-04-27 18:59:48,735 - pyswarms.single.global_best - INFO - Optimization finished | best cost: -43.2004495776458, best pos: [3.76169462 3.50677923]
2022-04-27 18:59:49,127 - matplotlib.animation - WARNING - MovieWriter ffmpeg unavailable; using Pillow instead.
2022-04-27 18:59:49,127 - matplotlib.animation - INFO - Animation.save using <class 'matplotlib.animation.PillowWriter'>
2022-04-27 19:00:04,525 - pyswarms.single.global_best - INFO - Optimize for 50 iters with {'c1': 0.5, 'c2': 0.3, 'w': 0.9}
2022-04-27 19:00:04,558 - pyswarms.single.global_best - INFO - Optimization finished | best cost: -66.84368637461802, best pos: [ 8.44897261 15.66572149]
2022-04-27 19:00:04,915 - matplotlib.animation - WARNING - MovieWriter ffmpeg unavailable; using Pillow instead.
2022-04-27 19:00:04,915 - matplotlib.animation - INFO - Animation.save using <class 'matplotlib.animation.PillowWriter'>
2022-04-27 19:00:42,259 - pyswarms.single.global_best - INFO - Optimize for 50 iters with {'c1': 0.5, 'c2': 0.3, 'w': 0.9}
2022-04-27 19:00:42,306 - pyswarms.single.global_best - INFO - Optimization finished | best cost: -66.84370699617031, best pos: [ 8.4684314  15.65114721]
2022-04-27 19:00:42,674 - matplotlib.animation - WARNING - MovieWriter ffmpeg unavailable; using Pillow instead.
2022-04-27 19:00:42,675 - matplotlib.animation - INFO - Animation.save using <class 'matplotlib.animation.PillowWriter'>
2022-04-27 19:01:04,577 - pyswarms.single.global_best - INFO - Optimize for 1000 iters with {'c1': 0.5, 'c2': 0.3, 'w': 0.9}
2022-04-27 19:01:05,299 - pyswarms.single.global_best - INFO - Optimization finished | best cost: -66.84371732946401, best pos: [ 8.45693456 15.65091808]
2022-04-27 19:01:05,666 - matplotlib.animation - WARNING - MovieWriter ffmpeg unavailable; using Pillow instead.
2022-04-27 19:01:05,666 - matplotlib.animation - INFO - Animation.save using <class 'matplotlib.animation.PillowWriter'>
2022-04-27 19:16:42,179 - pyswarms.single.global_best - INFO - Optimize for 1000 iters with {'c1': 0.5, 'c2': 0.3, 'w': 0.9}
2022-04-27 19:23:44,878 - pyswarms.single.global_best - INFO - Optimize for 1000 iters with {'c1': 0.5, 'c2': 0.3, 'w': 0.9}
2022-04-27 19:23:45,490 - pyswarms.single.global_best - INFO - Optimization finished | best cost: -66.84371732946401, best pos: [ 8.45693425 15.65091826]
2022-04-27 19:24:19,884 - pyswarms.single.global_best - INFO - Optimize for 1000 iters with {'c1': 0.5, 'c2': 0.3, 'w': 0.9}
2022-04-27 19:24:20,628 - pyswarms.single.global_best - INFO - Optimization finished | best cost: -66.84371732946401, best pos: [ 8.45693455 15.65091797]
